Apr-20 16:01:32.992 [main] DEBUG nextflow.cli.Launcher - $> nextflow run main.nf --query changethistext
Apr-20 16:01:33.149 [main] INFO  nextflow.cli.CmdRun - N E X T F L O W  ~  version 21.10.6
Apr-20 16:01:33.178 [main] INFO  nextflow.cli.CmdRun - Launching `main.nf` [angry_bardeen] - revision: 39e6e2d8a8
Apr-20 16:01:33.196 [main] DEBUG nextflow.config.ConfigBuilder - Found config local: /home/by215/github/tutorial/nextflow.config
Apr-20 16:01:33.197 [main] DEBUG nextflow.config.ConfigBuilder - Parsing config file: /home/by215/github/tutorial/nextflow.config
Apr-20 16:01:33.223 [main] DEBUG nextflow.config.ConfigBuilder - Applying config profile: `standard`
Apr-20 16:01:34.028 [main] DEBUG nextflow.plugin.PluginsFacade - Setting up plugin manager > mode=prod; plugins-dir=/home/by215/.nextflow/plugins
Apr-20 16:01:34.029 [main] DEBUG nextflow.plugin.PluginsFacade - Plugins default=[]
Apr-20 16:01:34.042 [main] INFO  org.pf4j.DefaultPluginStatusProvider - Enabled plugins: []
Apr-20 16:01:34.043 [main] INFO  org.pf4j.DefaultPluginStatusProvider - Disabled plugins: []
Apr-20 16:01:34.047 [main] INFO  org.pf4j.DefaultPluginManager - PF4J version 3.4.1 in 'deployment' mode
Apr-20 16:01:34.059 [main] INFO  org.pf4j.AbstractPluginManager - No plugins
Apr-20 16:01:34.109 [main] DEBUG nextflow.Session - Session uuid: e86a2a6b-3dfa-46ad-93ae-0a1cf3904e79
Apr-20 16:01:34.110 [main] DEBUG nextflow.Session - Run name: angry_bardeen
Apr-20 16:01:34.110 [main] DEBUG nextflow.Session - Executor pool size: 48
Apr-20 16:01:34.119 [main] DEBUG nextflow.cli.CmdRun - 
  Version: 21.10.6 build 5660
  Created: 21-12-2021 16:55 UTC (16:55 BST)
  System: Linux 4.4.0-174-generic
  Runtime: Groovy 3.0.9 on Java HotSpot(TM) 64-Bit Server VM 1.8.0_191-b12
  Encoding: UTF-8 (UTF-8)
  Process: 2739@whisperwind [172.27.118.78]
  CPUs: 48 - Mem: 251.8 GB (30.9 GB) - Swap: 92.2 GB (92.1 GB)
Apr-20 16:01:34.136 [main] DEBUG nextflow.Session - Work-dir: /home/by215/github/tutorial/work [ext2/ext3]
Apr-20 16:01:34.137 [main] DEBUG nextflow.Session - Script base path does not exist or is not a directory: /home/by215/github/tutorial/bin
Apr-20 16:01:34.154 [main] DEBUG nextflow.executor.ExecutorFactory - Extension executors providers=[]
Apr-20 16:01:34.174 [main] DEBUG nextflow.Session - Observer factory: DefaultObserverFactory
Apr-20 16:01:34.243 [main] DEBUG nextflow.util.CustomThreadPool - Creating default thread pool > poolSize: 49; maxThreads: 1000
Apr-20 16:01:34.341 [main] DEBUG nextflow.Session - Session start invoked
Apr-20 16:01:34.551 [main] DEBUG nextflow.script.ScriptRunner - > Launching execution
Apr-20 16:01:34.610 [main] INFO  nextflow.script.BaseScript - I will BLAST changethistext against myBlastDatabase
Apr-20 16:01:34.611 [main] DEBUG nextflow.Session - Workflow process names [dsl1]: 
Apr-20 16:01:34.612 [main] DEBUG nextflow.script.ScriptRunner - > Await termination 
Apr-20 16:01:34.612 [main] DEBUG nextflow.Session - Session await
Apr-20 16:01:34.612 [main] DEBUG nextflow.Session - Session await > all process finished
Apr-20 16:01:34.612 [main] DEBUG nextflow.Session - Session await > all barriers passed
Apr-20 16:01:34.630 [main] DEBUG nextflow.trace.WorkflowStatsObserver - Workflow completed > WorkflowStats[succeededCount=0; failedCount=0; ignoredCount=0; cachedCount=0; pendingCount=0; submittedCount=0; runningCount=0; retriesCount=0; abortedCount=0; succeedDuration=0ms; failedDuration=0ms; cachedDuration=0ms;loadCpus=0; loadMemory=0; peakRunning=0; peakCpus=0; peakMemory=0; ]
Apr-20 16:01:34.789 [main] DEBUG nextflow.CacheDB - Closing CacheDB done
Apr-20 16:01:34.814 [main] DEBUG nextflow.script.ScriptRunner - > Execution complete -- Goodbye
